<?xml version="1.0" encoding="UTF-8"?>
<!-- Generated by org.testng.reporters.JUnitReportReporter -->
<testsuite hostname="BLR-A-00038" name="tests.Tests" tests="1" failures="0" timestamp="13 Sep 2020 12:07:43 GMT" time="58.987" errors="0">
  <testcase name="AddNewCropAndCompleteColourSelectionToGeneratePlantHealthReport" time="58.987" classname="tests.Tests"/>
</testsuite> <!-- tests.Tests -->
